  0.997879192169864     
  0.997729893240605     
  0.997596130581566     
  0.997494377717979     
  0.997350328866385     
  0.997111585585634     
  0.996910425333046     
  0.996766725426586     
  0.996629387568966     
  0.996501453524833     
  0.996395861479822     
  0.996349158943194     
  0.996314148552769     
  0.996207517686655     
  0.996067707598642     
  0.995954032005408     
  0.995871719357131     
  0.995804790587807     
  0.995743239447358     
  0.995713862142275     
  0.995706943548694     
  0.995717761370945     
  0.995738199293693     
  0.995766978148685     
  0.995822742181247     
  0.995914381930073     
  0.995947619078649     
  0.995936142406886     
  0.995955554841581     
  0.996054655240559     
  0.996226941122111     
  0.996355926427575     
  0.996425410519968     
  0.996475029357368     
  0.996604819895280     
  0.996916493430570     
  0.997354201356123     
  0.997864935996157     
  0.998469230181505     
  0.999165562006423     
  0.999794935003379     
   1.00027685164332     
   1.00088368141488     
   1.00174941676834     
   1.00253465725804     
   1.00349372581979     
   1.00507687313957     
   1.00731638677524     
   1.01087002783865     
   1.01481366716216     
   1.01749606979309     
   1.01984522152844     
   1.02196222070256     
   1.02370227952599     
   1.02597536674771     
   1.02901942475479     
   1.03311082232553     
   1.03808640198171     
   1.04368537224586     
   1.04887289839396     
   1.05263513918285     
   1.05638745409147     
   1.05992410611222     
   1.06194345160757     
   1.06193526527438     
   1.06080607585046     
   1.05900128065230     
   1.05648792824930     
   1.05399416247299     
   1.05101123805478     
   1.04714077477753     
   1.04417316330550     
   1.04426760661011     
   1.04592929668615     
   1.04737602562406     
   1.04958316063045     
   1.05217731313788     
   1.05360107860585     
   1.05444525621652     
   1.05617249346361     
   1.05702843352654     
   1.05633813454531     
   1.05500393391942     
   1.05296003777309     
   1.05051146979434     
   1.04746737670264     
   1.04386581684269     
   1.03974623272072     
   1.03531001231110     
   1.03053070893557     
   1.02724390559354     
   1.02558776695317     
   1.02389589504839     
   1.02277654036683     
   1.02138090577802     
   1.01863478380085     
   1.01665542789603     
   1.01595348195104     
   1.01475270049159     
   1.01264057704226     
   1.01011434908087     
   1.00755111924231     
   1.00532744583100     
   1.00350924579880     
   1.00217081138606     
   1.00133854071712     
   1.00061897381062     
  0.999826639995773     
  0.998950179537623     
  0.998047386387509     
  0.997271185460909     
  0.996762004479271     
  0.996480574144121     
  0.996267552410290     
  0.996116585403875     
  0.995985743564624     
  0.995881707185541     
  0.995827110455652     
  0.995767501113698     
  0.995718107497108     
  0.995709716140385     
  0.995763136024131     
  0.995885366940206     
  0.996040602772218     
  0.996153585858163     
  0.996235435008148     
  0.996339620152338     
  0.996516955480005     
  0.996798264682753     
  0.997097615676067     
  0.997287468723566     
  0.997403028717626     
  0.997574885175332     
  0.997826048122859     
  0.998119517719467     
  0.998429864873190     
  0.998761531485936     
  0.999035403387879     
  0.999255859641772     
  0.999542359144476     
  0.999778843406529     
  0.999937832501465     
   1.00024082147245     
  0.981367556526463     
  0.957702887007460     
  0.939935823180489     
  0.924461499193756     
  0.900218401713901     
  0.865412787509617     
  0.829898140061017     
  0.800422436142620     
  0.775576679008187     
  0.754055664984939     
  0.737576781488881     
  0.719059637617081     
  0.693986455240173     
  0.665944369070647     
  0.642363266023957     
  0.627063364841621     
  0.616043808561240     
  0.606054456866956     
  0.594907180283418     
  0.582249342543638     
  0.567683513503972     
  0.552165855556154     
  0.533743587477839     
  0.507007054700279     
  0.472593974001694     
  0.438649370555519     
  0.411879997283565     
  0.390528023535524     
  0.368940073445313     
  0.349418570024789     
  0.332599320364718     
  0.314424226261734     
  0.298902071740007     
  0.283809696782132     
  0.267545508334530     
  0.254431296391843     
  0.239252673688274     
  0.220339852124033     
  0.199835392444625     
  0.180101652103391     
  0.160734791332909     
  0.144976222940558     
  0.134957406467093     
  0.122356544163131     
  0.104336333565696     
  8.563553791921209E-002
  7.373011988112740E-002
  7.330100225563846E-002
  7.601524292321091E-002
  7.270204266973432E-002
  6.181165593058417E-002
  4.825770317777894E-002
  3.590980503410275E-002
  2.394172251102186E-002
  1.732123267456012E-002
  1.755486350825113E-002
  1.871151322001155E-002
  1.797913507830079E-002
  2.084400125592548E-002
  2.571013486939179E-002
  2.839224439882748E-002
  2.857936258011496E-002
  2.499817193142624E-002
  2.143817920681919E-002
  1.956198887266135E-002
  1.612718144220200E-002
  1.677746216190343E-002
  2.119374148043201E-002
  2.069619904457470E-002
  1.566857254744443E-002
  1.473334396879982E-002
  1.585533012983383E-002
  1.644883860833683E-002
  1.672646690544648E-002
  1.575495526381332E-002
  1.656307104320603E-002
  1.869402569943209E-002
  1.938132580148394E-002
  2.177039339310488E-002
  2.740610625161476E-002
  3.175503972562883E-002
  3.144594456128349E-002
  2.858382481447926E-002
  2.778249817353575E-002
  2.794281652772094E-002
  2.674086568433129E-002
  2.566791183218392E-002
  2.713122269740926E-002
  3.012905790193406E-002
  3.003642400362715E-002
  2.940051653029391E-002
  3.111619175788184E-002
  3.370271746829915E-002
  3.643685805081474E-002
  3.792677963025683E-002
  3.817528078417003E-002
  3.677382025940074E-002
  3.635638792769020E-002
  3.922536766782671E-002
  4.192328633147371E-002
  4.272839785907496E-002
  4.229039764691440E-002
  4.141277583093926E-002
  4.033904344113964E-002
  3.896845819377055E-002
  4.021652541787445E-002
  4.079675976006426E-002
  4.324809453994698E-002
  5.215464758204967E-002
  6.070847740808966E-002
  6.539643437476343E-002
  6.756493686960120E-002
  6.878517218569065E-002
  6.857573598563080E-002
  6.641394572169933E-002
  6.373178982876457E-002
  6.012703430771413E-002
  5.945343750290438E-002
  6.605914250234304E-002
  7.655907460077263E-002
  8.382866988782248E-002
  8.618684078580247E-002
  8.750199879172306E-002
  9.269935982990891E-002
  9.858048069293600E-002
  0.101101661224271     
  0.104639681905233     
  0.112126973134866     
  0.121177247142396     
  0.128024766973361     
  0.132965124350942     
  0.134182331739757     
  0.132757976628896     
  0.134288068447447     
  0.138180810027458     
  0.140940527459370     
  0.141672278390094     
  0.139674562118905     
  0.141850598459685     
  0.150755828337553     
  0.160333809379660     
  0.176026793020069     
  0.195682000701446     
  0.211737058551953     
  0.223680734420444     
  0.230733145299967     
  0.235324011573425     
  0.240699979463547     
  0.249771015158450     
  0.262052726514875     
  0.274610724194796     
  0.287344478547954     
  0.300640676466702     
  0.313508455371164     
  0.324876944473017     
  0.334515963633704     
  0.341753280624875     
  0.348087785153425     
  0.356799312713134     
  0.365190750219472     
  0.372016594587386     
  0.383934002885693     
  0.400646956056122     
  0.416730507198420     
  0.430779002405641     
  0.439968977707217     
  0.443083094926179     
  0.443508020141617     
  0.444004208415222     
  0.444987562802026     
  0.451966037669019     
  0.466387492675930     
  0.481067025637717     
  0.491604131910667     
  0.499721729730085     
  0.507604435028079     
  0.516690209293340     
  0.528228469552412     
  0.539788212349520     
  0.551064466273037     
  0.563669782321810     
  0.572582241631822     
  0.575726038785052     
  0.577604965248008     
  0.580120053021261     
  0.582809432453609     
  0.586970813774769     
  0.594942366304624     
  0.604612292177521     
  0.610654847844026     
  0.624089751181413     
  0.646408310053816     
  0.666130184708619     
  0.686506059518899     
  0.709536340798540     
  0.732936658857725     
  0.755244495019734     
  0.780585364801574     
  0.804872860869520     
  0.819149988571088     
  0.824460071283713     
  0.827795270723104     
  0.831361948446214     
  0.833830517377237     
  0.837434180415815     
  0.843279409340063     
  0.849982460185140     
  0.855844507929311     
  0.865595879175467     
  0.877656251253639     
  0.883853586708464     
  0.888426178006197     
  0.894495887610763     
  0.900055777473962     
  0.906000435534532     
  0.912790836241281     
  0.926126900663036     
  0.941872754445930     
  0.956008413035797     
  0.969401820416814     
  0.978173420708051     
  0.984872307996582     
  0.992861891720718     
   1.00028066018506     
   1.00009171481693     
  0.999940784240526     
  0.999735857866159     
  0.999406045583880     
  0.999116204505617     
  0.998896815708250     
  0.998680804164831     
  0.998472220017659     
  0.998291003842080     
  0.998197354344299     
  0.998121407439530     
  0.997927355525854     
  0.997662525491512     
  0.997421613532308     
  0.997220721762373     
  0.997028828839885     
  0.996801485626121     
  0.996618719203211     
  0.996463695474107     
  0.996332651669420     
  0.996234784206249     
  0.996149653523612     
  0.996046659286030     
  0.995941803273484     
  0.995908627613245     
  0.995909878333412     
  0.995889241859710     
  0.995827517065019     
  0.995762414407317     
  0.995732746756110     
  0.995721126588474     
  0.995714667218362     
  0.995707346598406     
  0.995717568413677     
  0.995773084524038     
  0.995877047276637     
  0.996035973753542     
  0.996252528446293     
  0.996474050769372     
  0.996661137924862     
  0.996906159196676     
  0.997267911026976     
  0.997616441980517     
  0.998055443102951     
  0.998793968574293     
  0.999875801177798     
   1.00165193992044     
   1.00370496504810     
   1.00516982173435     
   1.00649272607312     
   1.00771731078037     
   1.00875824288083     
   1.01010894773125     
   1.01191227107635     
   1.01434043484114     
   1.01732199724847     
   1.02072284963299     
   1.02394121463801     
   1.02635837739652     
   1.02880140513400     
   1.03114381766189     
   1.03258237855897     
   1.03278312753185     
   1.03228938689923     
   1.03137046605538     
   1.03000295843935     
   1.02863754034796     
   1.02695764085166     
   1.02471485903285     
   1.02302388026180     
   1.02323440194018     
   1.02443042846489     
   1.02550078992654     
   1.02706473701407     
   1.02889195807227     
   1.02997991568857     
   1.03069927546623     
   1.03199934555868     
   1.03273696801883     
   1.03245915201330     
   1.03175184530530     
   1.03056841049690     
   1.02910856695616     
   1.02724495808226     
   1.02500254219125     
   1.02240832688054     
   1.01959760815741     
   1.01655588898715     
   1.01449302900449     
   1.01349662878710     
   1.01247094701507     
   1.01181720755215     
   1.01097636442077     
   1.00923951427092     
   1.00800442150953     
   1.00760631681386     
   1.00687587759937     
   1.00554172954914     
   1.00393636635920     
   1.00231306402911     
   1.00091937512787     
  0.999795782934071     
  0.998983951069585     
  0.998491891469934     
  0.998071782512365     
  0.997611656577654     
  0.997110364925757     
  0.996611506318896     
  0.996209953451661     
  0.995972800676643     
  0.995858080642140     
  0.995783309919090     
  0.995740507958767     
  0.995714397268674     
  0.995706795663952     
  0.995711319944817     
  0.995730612892932     
  0.995783653336474     
  0.995883072089655     
  0.996046575296743     
  0.996267367181098     
  0.996494942071086     
  0.996644111316714     
  0.996745859670707     
  0.996872549431587     
  0.997084203479090     
  0.997409771083821     
  0.997744597237639     
  0.997949993222797     
  0.998071003332930     
  0.998252518236078     
  0.998517910761309     
  0.998825550273969     
  0.999147914104998     
  0.999489847269787     
  0.999769008307343     
  0.999991244559726     
   1.00028094843199     
  0.991394106520957     
  0.984063346352904     
  0.969935073745278     
  0.947170068730126     
  0.923845310745503     
  0.906422210319247     
  0.891294162935703     
  0.867400838507618     
  0.832953304810630     
  0.797808017752496     
  0.768712272791970     
  0.744254752559074     
  0.723129065562618     
  0.707050492915167     
  0.688937352605787     
  0.664275441009369     
  0.636655092644984     
  0.613506945786926     
  0.598646422847322     
  0.588068511090608     
  0.578521160129756     
  0.567816450932778     
  0.555602857702304     
  0.541484251292545     
  0.526418322906742     
  0.508453420829241     
  0.482185452019792     
  0.448261676106705     
  0.414834094412301     
  0.388607404024895     
  0.367817033025379     
  0.346807581714602     
  0.327883572025103     
  0.311675402871290     
  0.294126248666201     
  0.279245912816639     
  0.264805386402659     
  0.249208853417579     
  0.236774860507855     
  0.222286079345552     
  0.204086956401527     
  0.184329466626037     
  0.165386082218765     
  0.146851788145062     
  0.131974487838879     
  0.122849859162271     
  0.111148894911762     
  9.407291279098530E-002
  7.640742867403154E-002
  6.561118051161964E-002
  6.623516847114384E-002
  6.982644969579574E-002
  6.728009733497799E-002
  5.712472597804297E-002
  4.435013455046166E-002
  3.282752426596121E-002
  2.174564766138845E-002
  1.599819902587840E-002
  1.681751149087485E-002
  1.827645178753331E-002
  1.772049616675927E-002
  2.069054851386290E-002
  2.560816323022163E-002
  2.832041694140942E-002
  2.852780065181975E-002
  2.496188852025020E-002
  2.141427382380496E-002
  1.954695510222687E-002
  1.611832068352567E-002
  1.677279780064658E-002
  2.119091337756581E-002
  2.069438716588995E-002
  1.566750068261903E-002
  1.473279991752200E-002
  1.585503594084511E-002
  1.644867559685791E-002
  1.672637462702321E-002
  1.575490368089697E-002
  1.656304293995992E-002
  1.869400926536261E-002
  1.938131578817687E-002
  2.177038716243780E-002
  2.740610203288167E-002
  3.175503666020144E-002
  3.144594228472909E-002
  2.858382315598877E-002
  2.778249699580749E-002
  2.794281568896562E-002
  2.674086509143801E-002
  2.566791142025331E-002
  2.713122241158593E-002
  3.012905769682271E-002
  3.003642385351065E-002
  2.940051642171990E-002
  3.111619167865961E-002
  3.370271740926092E-002
  3.643685800579051E-002
  3.792677959535570E-002
  3.817528075697850E-002
  3.677382023827353E-002
  3.635638791144809E-002
  3.922536765521640E-002
  4.192328632148778E-002
  4.272839785109377E-002
  4.229039764052982E-002
  4.141277582585289E-002
  4.033904343710796E-002
  3.896845819059850E-002
  4.021652541538698E-002
  4.079675975809238E-002
  4.324809453838257E-002
  5.215464758077054E-002
  6.070847740700826E-002
  6.539643437383294E-002
  6.756493686879446E-002
  6.878517218498890E-002
  6.857573598501950E-002
  6.641394572116825E-002
  6.373178982830575E-002
  6.012703430732048E-002
  5.945343750256923E-002
  6.605914250205552E-002
  7.655907460052111E-002
  8.382866988759893E-002
  8.618684078560253E-002
  8.750199879154387E-002
  9.269935982974775E-002
  9.858048069279013E-002
  0.101101661224138     
  0.104639681905112     
  0.112126973134755     
  0.121177247142294     
  0.128024766973266     
  0.132965124350854     
  0.134182331739675     
  0.132757976628820     
  0.134288068447376     
  0.138180810027392     
  0.140940527459308     
  0.141672278390037     
  0.139674562118851     
  0.141850598459635     
  0.150755828337506     
  0.160333809379616     
  0.176026793020027     
  0.195682000701406     
  0.211737058551915     
  0.223680734420407     
  0.230733145299932     
  0.235324011573391     
  0.240699979463515     
  0.249771015158419     
  0.262052726514845     
  0.274610724194767     
  0.287344478547927     
  0.300640676466675     
  0.313508455371138     
  0.324876944472992     
  0.334515963633680     
  0.341753280624851     
  0.348087785153402     
  0.356799312713112     
  0.365190750219450     
  0.372016594587365     
  0.383934002885672     
  0.400646956056101     
  0.416730507198400     
  0.430779002405622     
  0.439968977707198     
  0.443083094926160     
  0.443508020141598     
  0.444004208415204     
  0.444987562802008     
  0.451966037669002     
  0.466387492675913     
  0.481067025637700     
  0.491604131910650     
  0.499721729730069     
  0.507604435028064     
  0.516690209293324     
  0.528228469552397     
  0.539788212349505     
  0.551064466273022     
  0.563669782321796     
  0.572582241631808     
  0.575726038785038     
  0.577604965247995     
  0.580120053021248     
  0.582809432453596     
  0.586970813774756     
  0.594942366304611     
  0.604612292177508     
  0.610654847844013     
  0.624089751181401     
  0.646408310053804     
  0.666130184708608     
  0.686506059518888     
  0.709536340798529     
  0.732936658857714     
  0.755244495019723     
  0.780585364801563     
  0.804872860869509     
  0.819149988571077     
  0.824460071283703     
  0.827795270723093     
  0.831361948446204     
  0.833830517377227     
  0.837434180415805     
  0.843279409340053     
  0.849982460185130     
  0.855844507929301     
  0.865595879175458     
  0.877656251253629     
  0.883853586708455     
  0.888426178006187     
  0.894495887610754     
  0.900055777473953     
  0.906000435534523     
  0.912790836241272     
  0.926126900663027     
  0.941872754445921     
  0.956008413035788     
  0.969401820416805     
  0.978173420708042     
  0.984872307996573     
  0.991176445924185     
  0.997401690485985     
   1.00029308495959     
   1.00026226961432     
   1.00023784352567     
   1.00014711424921     
   1.00001890789676     
  0.999830898262979     
  0.999486394388973     
  0.999033661029921     
  0.998732434629461     
  0.998492474555504     
  0.998085244754191     
  0.997676192674450     
  0.997313078430139     
  0.996933687177357     
  0.996634288783385     
  0.996444970523595     
  0.996255169132139     
  0.996044175343336     
  0.995901872540943     
  0.995829525147968     
  0.995772374885549     
  0.995717583619577     
  0.995721624765677     
  0.995821752000318     
  0.995944910370317     
  0.996164477475014     
  0.996549770127879     
  0.997029227035096     
  0.997627372832609     
  0.998299988256404     
  0.999271266005887     
   1.00106194033680     
   1.00419773043329     
   1.00838668103315     
   1.01307707180838     
   1.01806611234853     
   1.02295609341533     
   1.02847608130470     
   1.03503490527453     
   1.04185836690738     
   1.04989324293487     
   1.06015819478248     
   1.07148654890007     
   1.08403897192751     
   1.09556053732199     
   1.10480730716633     
   1.11704971862346     
   1.12925862513617     
   1.13458169636695     
   1.13465366355667     
   1.13565023517278     
   1.14476937135717     
   1.15669811545516     
   1.16332378091236     
   1.16643836177553     
   1.16820555086724     
   1.16842403125114     
   1.16854835442512     
   1.17081371663051     
   1.17778384690206     
   1.18454681098313     
   1.19791640194878     
   1.22436007855840     
   1.24964471295647     
   1.26480989926490     
   1.26628693475398     
   1.25769045075244     
   1.24523927774769     
   1.22836598431734     
   1.20744977856303     
   1.19009652101350     
   1.19155728695205     
   1.20391534191276     
   1.21001678389510     
   1.21077200711729     
   1.20740170629786     
   1.21316024637133     
   1.21739396522968     
   1.20715356021516     
   1.19354883277614     
   1.17741975898047     
   1.16023034044930     
   1.14179478417442     
   1.12658130967529     
   1.11744377106051     
   1.10925179590525     
   1.10165554288417     
   1.09530908078785     
   1.08861179475408     
   1.08191379992913     
   1.07637925593640     
   1.07494166909961     
   1.07882827037891     
   1.08518133360857     
   1.09090718154090     
   1.09414892841979     
   1.09489245220295     
   1.09406366131486     
   1.09154705599137     
   1.08815137834735     
   1.08422247345110     
   1.07867394381384     
   1.07275552000393     
   1.06669870605236     
   1.05982166971095     
   1.05343903877896     
   1.04752784325832     
   1.04082592189314     
   1.03302195937368     
   1.02502503012018     
   1.01952750057669     
   1.01640630073628     
   1.01397416480281     
   1.01183856332347     
   1.00961735585040     
   1.00707605642533     
   1.00423670944148     
   1.00220257722853     
   1.00108140552525     
   1.00021669112245     
  0.999401785838935     
  0.998531808038091     
  0.997789015901057     
  0.997176756994270     
  0.996631580531036     
  0.996176696730747     
  0.995850379945227     
  0.995711031113535     
  0.995727879496523     
  0.995772165855854     
  0.995854127242390     
  0.996007025822700     
  0.996174883803785     
  0.996295996002226     
  0.996434960397833     
  0.996708938333567     
  0.997044767132680     
  0.997223165482135     
  0.997342720543574     
  0.997616726121883     
  0.998123473442184     
  0.998789831352331     
  0.999308491840505     
  0.999642691151804     
  0.999974195720588     
   1.00031928893381     
  0.978741857473045     
  0.946490079795373     
  0.910525597630687     
  0.882438690575231     
  0.864203352349193     
  0.849368726370778     
  0.834372758743345     
  0.821962838156180     
  0.809905599965556     
  0.793146892377862     
  0.772090996439849     
  0.747007349667585     
  0.718484124682805     
  0.689113339405830     
  0.657008337308816     
  0.621759302975616     
  0.588924574090643     
  0.556503827088156     
  0.526049546105665     
  0.501129777715894     
  0.476385947141147     
  0.453149854864322     
  0.433620020023409     
  0.414917514775348     
  0.398942975719337     
  0.381851659708396     
  0.360132061449787     
  0.336767962525840     
  0.311076014689595     
  0.286197412460683     
  0.273042648137275     
  0.267218814263547     
  0.259538136107931     
  0.252479906207461     
  0.244311981294511     
  0.232254727322094     
  0.219594463712916     
  0.204917962019386     
  0.189635875495738     
  0.171454868442931     
  0.151823455884998     
  0.138503657610623     
  0.127000745538664     
  0.118544102062980     
  0.114243959659430     
  0.110922043481659     
  0.108746880167898     
  0.106139459130056     
  0.100818090793220     
  9.164306698369594E-002
  8.289361069897769E-002
  8.043528798045320E-002
  8.149437893357550E-002
  7.911869956214322E-002
  7.202401725806998E-002
  6.206708297957559E-002
  5.193439737633571E-002
  4.308773357018197E-002
  3.557686515078407E-002
  3.304798790207451E-002
  3.287873563514637E-002
  2.968075536490435E-002
  2.347051049356567E-002
  1.812948415244437E-002
  1.408134086151846E-002
  1.261530410086629E-002
  1.555182400682324E-002
  1.899605799379342E-002
  2.129056561258418E-002
  2.293451013747050E-002
  2.451681539034090E-002
  2.657319120003279E-002
  2.851799616635321E-002
  2.920181953707757E-002
  2.805050706691948E-002
  2.532157651234043E-002
  2.505161437374243E-002
  2.651329272967657E-002
  2.825935711760526E-002
  3.138975149296633E-002
  3.536346629011632E-002
  4.097328573892553E-002
  4.697795791906906E-002
  5.046906838624212E-002
  5.103479183322160E-002
  4.889438713737827E-002
  4.468658902178432E-002
  4.195450508312829E-002
  4.222290883192974E-002
  4.316395032706421E-002
  4.172977451661292E-002
  3.888426665477629E-002
  3.918245693278164E-002
  4.070178978486983E-002
  4.148362201619465E-002
  4.292951956097327E-002
  4.065423688329300E-002
  3.778805590488285E-002
  4.003029669631762E-002
  4.099109206151406E-002
  3.455133941349430E-002
  2.923852391075378E-002
  3.293340855065915E-002
  4.107805999094238E-002
  4.989282374098765E-002
  5.812057969973811E-002
  6.928089924525499E-002
  7.953148453240982E-002
  8.709174768834538E-002
  9.761537426076872E-002
  0.105242529170836     
  0.106193050547872     
  0.102664752217197     
  9.682456119348862E-002
  9.645246769769335E-002
  9.785686379817843E-002
  9.652897457533874E-002
  9.420645660597833E-002
  8.991761898959885E-002
  8.543675674313599E-002
  8.752024039041759E-002
  9.491515185527998E-002
  0.100874009390276     
  0.105407534293172     
  0.105593694075375     
  0.103969096964522     
  0.105035904839016     
  0.106133381389541     
  0.104926277429531     
  0.105273116497938     
  0.109686489583412     
  0.111406674921036     
  0.110675816547442     
  0.114409949162213     
  0.123248202051430     
  0.136572967478207     
  0.152082654887186     
  0.165073713633259     
  0.174033175631989     
  0.181230085756438     
  0.188040151632152     
  0.192068425218666     
  0.192992586231154     
  0.192361333308964     
  0.192240798730221     
  0.192895215584156     
  0.196173932097412     
  0.202769236968823     
  0.212617402297596     
  0.224873439361101     
  0.233312823199675     
  0.240122847948494     
  0.250763438062385     
  0.259120613506844     
  0.262465388164802     
  0.264253842527238     
  0.271201354844155     
  0.280736751481833     
  0.286787396801754     
  0.293913598251435     
  0.302923902562130     
  0.316257264115583     
  0.334206795280950     
  0.351600711330211     
  0.365050891072913     
  0.376077147388794     
  0.384178671059511     
  0.388664856724005     
  0.391409641933528     
  0.393833075806410     
  0.403736702408793     
  0.420532338239506     
  0.437907409778777     
  0.454489896103126     
  0.466120678120865     
  0.474039604215741     
  0.485650236519863     
  0.505381897027823     
  0.527861736757413     
  0.545874919298003     
  0.557947844379214     
  0.569554684857488     
  0.588593072427639     
  0.611513817870590     
  0.634057603592698     
  0.661130662206481     
  0.691113443542121     
  0.713136285923803     
  0.732103812653310     
  0.755349034602432     
  0.781457590963105     
  0.807734755693977     
  0.829735760081585     
  0.853099423729861     
  0.878196266631829     
  0.900000854508315     
  0.917678229394028     
  0.935426160295371     
  0.951906912361395     
  0.971047173515458     
  0.994345605645016     
   1.00006003394455     
  0.999688445880589     
  0.999380581712379     
  0.999169798872186     
  0.998976944052080     
  0.998845970442850     
  0.998772976027193     
  0.998701835729683     
  0.998510774354209     
  0.998254213977411     
  0.998072311110199     
  0.997894257214307     
  0.997657677277296     
  0.997416572819466     
  0.997194308986648     
  0.996982117806848     
  0.996791465164464     
  0.996556110280417     
  0.996314550631325     
  0.996157392024745     
  0.996064685893561     
  0.996027991957766     
  0.996030994703424     
  0.996028139797544     
  0.995991436607776     
  0.995933675844407     
  0.995883556843757     
  0.995827146104321     
  0.995776037116935     
  0.995739480391904     
  0.995710499670388     
  0.995710765107847     
  0.995732487323422     
  0.995800022157015     
  0.996043265395695     
  0.996613267568425     
  0.997439075018840     
  0.998392041140766     
  0.999688575607274     
   1.00145500748670     
   1.00314589116523     
   1.00442750587999     
   1.00545016125832     
   1.00596893538957     
   1.00604210394381     
   1.00786655638820     
   1.01190476079627     
   1.01524099755409     
   1.01690406231104     
   1.01777872558153     
   1.01847676702311     
   1.01903914453544     
   1.02096432669414     
   1.02433997902389     
   1.02672750919018     
   1.02817785808001     
   1.03354072388822     
   1.04358000778583     
   1.05288343734965     
   1.06070340111472     
   1.06918685488554     
   1.08133150420849     
   1.09481333771615     
   1.10188710578078     
   1.10783652580898     
   1.12139568648399     
   1.14083401829365     
   1.16164389167928     
   1.17823217765703     
   1.18986429841372     
   1.19605075708087     
   1.19564330783449     
   1.19984884992052     
   1.21703177751525     
   1.23810267754136     
   1.25162612175919     
   1.25978081447423     
   1.26432343211053     
   1.26623996342327     
   1.28013633328321     
   1.29797468189314     
   1.31136592233965     
   1.33831369924464     
   1.37416837559678     
   1.40191122962945     
   1.41954689263636     
   1.42113275869722     
   1.41818086048983     
   1.41715954859638     
   1.40427401647928     
   1.39981333627762     
   1.41068976041230     
   1.41522950970394     
   1.40958531528400     
   1.40002492040467     
   1.39883522132316     
   1.40609332697215     
   1.40769563468833     
   1.41424027232388     
   1.42534089370628     
   1.42054818894065     
   1.40954151577469     
   1.40607762860747     
   1.40457980980845     
   1.39770876584833     
   1.38406717063966     
   1.36574397677424     
   1.35215794947900     
   1.34141970146453     
   1.32128758131794     
   1.29438268765303     
   1.26982054551342     
   1.24918706365254     
   1.22894014699848     
   1.21365134318107     
   1.20436273601657     
   1.19529753274883     
   1.18564868629902     
   1.17753777116623     
   1.17038528752198     
   1.16177933185688     
   1.14884415916010     
   1.13223839383282     
   1.11646706546436     
   1.10367227591981     
   1.09384405290675     
   1.08531753669182     
   1.07534900302485     
   1.06282573804334     
   1.05239372468528     
   1.04335879132088     
   1.03495248650994     
   1.02940760004796     
   1.02678091007436     
   1.02565741495246     
   1.02403547954050     
   1.02177319070040     
   1.01928343710182     
   1.01664166167210     
   1.01417557204960     
   1.01215689650791     
   1.01030133648743     
   1.00836037974085     
   1.00646832886495     
   1.00493051235838     
   1.00370973854681     
   1.00253970078703     
   1.00145848822020     
   1.00064474101856     
  0.999837714176345     
  0.998975702519107     
  0.998135795264032     
  0.997407005513948     
  0.996881678926626     
  0.996548726020637     
  0.996303177423650     
  0.996088694166471     
  0.995942744662514     
  0.995841496188915     
  0.995762780922400     
  0.995713277392746     
  0.995716602343782     
  0.995778134395473     
  0.995852107099636     
  0.995947646980787     
  0.996150564969460     
  0.996413541779081     
  0.996646068702768     
  0.996940386433036     
  0.997313232061218     
  0.997677876843533     
  0.998020429520239     
  0.998381259941893     
  0.998776690283097     
  0.999307639196872     
  0.999936833802121     
  0.992230661132450     
  0.974002171976772     
  0.962679233053112     
  0.949058875709813     
  0.927185604548257     
  0.900579849117927     
  0.875487331545693     
  0.854456959893415     
  0.838076674097627     
  0.823642322543426     
  0.807247842563802     
  0.786340823683725     
  0.762139186826684     
  0.739608161832734     
  0.722295999715646     
  0.701682271755357     
  0.672270586522286     
  0.644799667673197     
  0.623400410655309     
  0.600125090887498     
  0.579375161923929     
  0.561638092037618     
  0.536410282667926     
  0.509507757106933     
  0.490655909719151     
  0.472440222461688     
  0.447516217465578     
  0.418929478650941     
  0.396436829418715     
  0.381362826383518     
  0.365772355964249     
  0.351490079485555     
  0.342288341081718     
  0.327833494239887     
  0.307802809993165     
  0.291876295468982     
  0.274740845243618     
  0.255775177391288     
  0.239841893572829     
  0.225343423425183     
  0.214503824510836     
  0.206858782067452     
  0.198808523040526     
  0.189975605887781     
  0.179379884852025     
  0.165774976090673     
  0.148519734141200     
  0.132129740507602     
  0.118975560604535     
  0.108704207746928     
  0.100161380807019     
  8.991633689378808E-002
  8.143247999435656E-002
  7.681557707043270E-002
  7.294163554892685E-002
  6.668016622951468E-002
  5.796785090176010E-002
  5.044460773941802E-002
  4.462363373696020E-002
  4.204227234550850E-002
  4.125915360647325E-002
  4.215000306167745E-002
  4.568414172268635E-002
  4.739775012109818E-002
  4.666531557897464E-002
  4.573321505145728E-002
  4.492548662197463E-002
  4.336783145283889E-002
  4.018680148008780E-002
  3.438782182120736E-002
  3.077428662375397E-002
  3.434295752861281E-002
  3.777564677852725E-002
  3.694049067598547E-002
  3.437673695022842E-002
  3.225225339082850E-002
  3.455741959125176E-002
  3.883225475841967E-002
  4.147800802061903E-002
  4.201567131840548E-002
  4.111779975436176E-002
  4.066849579136826E-002
  4.075918317604456E-002
  3.914089001742412E-002
  3.444907738567905E-002
  2.898856749944973E-002
  2.960355839309348E-002
  3.621319254280876E-002
  4.317715207481120E-002
  4.860636588770253E-002
  5.235772925848094E-002
  5.697170538307059E-002
  6.291739553911710E-002
  6.593547995842189E-002
  6.543253747476936E-002
  6.510595369704406E-002
  6.555831841822737E-002
  6.771185952722962E-002
  7.419798290590467E-002
  7.928769999065630E-002
  7.990685533696104E-002
  8.242401507973710E-002
  8.283341787129386E-002
  8.119673569544918E-002
  8.430967243579529E-002
  8.676085380857156E-002
  8.473638573825369E-002
  8.055441667613321E-002
  7.826109621293489E-002
  7.693894151553342E-002
  7.502321865561970E-002
  7.921207923988488E-002
  8.677847740051296E-002
  9.303762616159152E-002
  0.102523737831639     
  0.113806113446652     
  0.125902013396437     
  0.137972365082364     
  0.147011515148369     
  0.153041195843803     
  0.155881542762492     
  0.157680042924079     
  0.159117393437147     
  0.161052181595548     
  0.163551983745839     
  0.161812591173862     
  0.155542528016511     
  0.154432686703392     
  0.159019881375492     
  0.165674190609624     
  0.174258822552653     
  0.182153599517649     
  0.187236549328073     
  0.191555065058082     
  0.201410615822294     
  0.214792074599927     
  0.225034143150307     
  0.231322339147837     
  0.236589260247914     
  0.241941000320060     
  0.251527643008573     
  0.265810673860614     
  0.281298724852719     
  0.291838292383326     
  0.294482722701731     
  0.299304707018130     
  0.308059867505682     
  0.313612938503462     
  0.312749011040933     
  0.307377411341927     
  0.302262935725954     
  0.300275157124923     
  0.305693953057395     
  0.321481366707607     
  0.341347404045142     
  0.359700223033790     
  0.374596399294722     
  0.383786599875877     
  0.390595835445690     
  0.401776469825216     
  0.420116817430230     
  0.442446455343319     
  0.465564489974290     
  0.486374823362364     
  0.507231550610810     
  0.533311855009031     
  0.560458941832142     
  0.580827568066322     
  0.593867159350873     
  0.604946980183928     
  0.616730734483102     
  0.630404856099800     
  0.644937409318402     
  0.658362997237199     
  0.672060437223876     
  0.688702697991708     
  0.706659682137052     
  0.723705052968344     
  0.744729293874938     
  0.770451620182833     
  0.796109537864193     
  0.823281316325363     
  0.850054320028675     
  0.872691639776788     
  0.897229099226554     
  0.922044170360193     
  0.947662382721373     
  0.972046657856995     
  0.986208760965340     
   1.00031051257343     
  0.999757615255664     
  0.999166057640309     
  0.998687015551472     
  0.998240742326456     
  0.997799170256252     
  0.997406497631618     
  0.996996255311878     
  0.996631539924734     
  0.996399723266680     
  0.996203553475475     
  0.996057531437122     
  0.996011310737750     
  0.995980752861474     
  0.995908819174702     
  0.995801096696839     
  0.995717277964478     
  0.995716074190443     
  0.995775937822399     
  0.995893969175062     
  0.996061614423877     
  0.996335071574175     
  0.996799085739051     
  0.997321454861903     
  0.997907450184938     
  0.998644163915986     
  0.999530731053178     
   1.00048521134182     
   1.00155499299024     
   1.00293006725930     
   1.00462929961229     
   1.00652214494563     
   1.00843578371799     
   1.01051090825605     
   1.01305048865880     
   1.01600816883184     
   1.01937443980458     
   1.02270268191067     
   1.02598898592590     
   1.02963663328599     
   1.03346825405404     
   1.03745794924460     
   1.04184353956700     
   1.04674825224852     
   1.05170301604688     
   1.05715070901447     
   1.06335502428182     
   1.06989702026597     
   1.07681613606176     
   1.08435205296668     
   1.09220407312407     
   1.10081904980747     
   1.11118240679306     
   1.12234949101829     
   1.13380955044287     
   1.14515268276943     
   1.15647544039162     
   1.16849317885342     
   1.18104034447066     
   1.19253512866836     
   1.20202049900002     
   1.21058976149472     
   1.21980160523050     
   1.23016549804307     
   1.24172148248794     
   1.25421968480760     
   1.26718641300713     
   1.28007993071232     
   1.29186995623340     
   1.30241972748240     
   1.31188977085244     
   1.32288393893666     
   1.33688947060995     
   1.35010843934802     
   1.36116657595361     
   1.37085613058941     
   1.37878215540339     
   1.38609003016083     
   1.39283447074797     
   1.39897718995372     
   1.40426812703935     
   1.40721410554977     
   1.40763577605448     
   1.40581099644216     
   1.40424787292332     
   1.40422058183747     
   1.40413108037240     
   1.40350011654057     
   1.40050523174580     
   1.39564932148518     
   1.39180062169419     
   1.38810615204139     
   1.38247952418695     
   1.37581714781222     
   1.36884933630346     
   1.35994336619209     
   1.34854499389255     
   1.33738080038731     
   1.32785042148199     
   1.31762414925548     
   1.30489899131090     
   1.29163977685935     
   1.27934589330073     
   1.26717006349085     
   1.25580545295435     
   1.24585125059271     
   1.23555904122639     
   1.22464459729031     
   1.21405953024880     
   1.20387874942409     
   1.19289055225070     
   1.18081352681540     
   1.16863070427537     
   1.15681052675081     
   1.14515383525408     
   1.13385542414235     
   1.12394811241589     
   1.11523584454933     
   1.10628246089830     
   1.09701060764646     
   1.08788479542365     
   1.07935299886135     
   1.07176662231685     
   1.06448298093602     
   1.05744867128464     
   1.05096413309654     
   1.04498479753904     
   1.03976323718995     
   1.03535507015222     
   1.03110261267518     
   1.02693962077426     
   1.02315267197256     
   1.01963632975938     
   1.01631612159252     
   1.01325936202572     
   1.01056985858688     
   1.00831439100837     
   1.00634918360877     
   1.00449494967990     
   1.00274562372370     
   1.00126772733252     
   1.00012303487204     
  0.999200040570323     
  0.998427288337533     
  0.997769035088487     
  0.997211718781542     
  0.996746525284456     
  0.996379482525190     
  0.996108028118068     
  0.995910042845362     
  0.995777879532402     
  0.995714136285476     
  0.995715196321157     
  0.995778391018556     
  0.995890470095314     
  0.996033411484535     
  0.996204466232869     
  0.996417194998817     
  0.996680979648829     
  0.996990604223805     
  0.997350745184073     
  0.997748097536807     
  0.998145837375070     
  0.998535542750113     
  0.998916043713277     
  0.999307356860713     
  0.999718670482013     
   1.00015266711143     
  0.987595938635904     
  0.967724918259604     
  0.948402496914013     
  0.927796608293340     
  0.906294256212806     
  0.884891012961316     
  0.862741796104031     
  0.839984817676921     
  0.816866637794569     
  0.794055456240179     
  0.771738703208188     
  0.749428660793736     
  0.726867579183386     
  0.704036983873800     
  0.681064803012730     
  0.657711783854950     
  0.634376479284627     
  0.611383952926505     
  0.588490037064320     
  0.565008821414929     
  0.542235704011597     
  0.521939394221297     
  0.502732288883344     
  0.483662223073869     
  0.465175764859373     
  0.446400938208398     
  0.426346831028885     
  0.406202289109240     
  0.386786657726921     
  0.367524059273929     
  0.348527445227060     
  0.329932043760551     
  0.311750028827229     
  0.294320557715952     
  0.277559873887510     
  0.261005070602656     
  0.244748396135524     
  0.229496135759904     
  0.215074444095949     
  0.199972058523643     
  0.184169514184685     
  0.168955270329569     
  0.155166745518895     
  0.142983155015007     
  0.132114975771954     
  0.121856949065906     
  0.110918556413054     
  9.977351481183276E-002
  8.928424846557804E-002
  7.978856343798850E-002
  7.191688753285061E-002
  6.530429839262028E-002
  5.977757196114275E-002
  5.497539937632912E-002
  4.970320921521466E-002
  4.483311648112658E-002
  3.946913725214730E-002
  3.597115872479184E-002
  3.739141591261184E-002
  3.926862877330063E-002
  4.119816672549485E-002
  4.305693042897792E-002
  4.446086570970240E-002
  4.511684462750874E-002
  4.465494325405685E-002
  4.528066191811708E-002
  4.685179498471422E-002
  4.744251920035397E-002
  4.757488043704067E-002
  4.625503164796295E-002
  4.383081610754558E-002
  4.487551321033111E-002
  4.353062208175752E-002
  3.583255850525177E-002
  2.989996519545025E-002
  2.605667154233517E-002
  2.276481229291177E-002
  2.122821175784643E-002
  2.273335558503644E-002
  2.669294944906169E-002
  3.073126695497539E-002
  3.637472142176683E-002
  4.411036512913209E-002
  5.153801971778096E-002
  5.477647006192388E-002
  5.290814598087486E-002
  5.338027612500230E-002
  5.677289470374177E-002
  5.869725384083763E-002
  6.180016189392841E-002
  6.663155939146376E-002
  6.940606528122457E-002
  6.849821778411083E-002
  6.634150093961737E-002
  6.409871989292190E-002
  6.117718164958939E-002
  5.847111888429884E-002
  5.545502319095822E-002
  5.126184793685618E-002
  4.851742174197660E-002
  4.671649467245726E-002
  4.372955778798064E-002
  4.092360616733733E-002
  3.867900252660619E-002
  3.836235502555521E-002
  3.898937095750089E-002
  4.001687747797183E-002
  4.456819692441806E-002
  4.894110938297070E-002
  5.280529883429064E-002
  5.829320535728647E-002
  6.014523305206792E-002
  6.030321944734975E-002
  6.095083339109895E-002
  6.076053226104335E-002
  6.101143150603026E-002
  6.195649454595729E-002
  6.312125546610450E-002
  6.370948811186683E-002
  6.712777233792576E-002
  7.845965145422713E-002
  9.489130805077475E-002
  0.109643118432851     
  0.121182943767738     
  0.130633519770123     
  0.138340297512812     
  0.144984081045150     
  0.151373659587635     
  0.158982996240551     
  0.165591619711838     
  0.172379088267159     
  0.183763107427561     
  0.197993941039965     
  0.212125596185046     
  0.225705910132377     
  0.238948170108860     
  0.253206396372917     
  0.267863228302492     
  0.280480352077539     
  0.288968300349569     
  0.291846452872512     
  0.294932189227288     
  0.302066874510549     
  0.312930617892994     
  0.325263361758467     
  0.336695047374642     
  0.346967571159602     
  0.354984743829168     
  0.360300554127156     
  0.363893554137357     
  0.366545957151051     
  0.366464317934343     
  0.367222819733270     
  0.372803983152727     
  0.379058645875766     
  0.387376206672679     
  0.397305734110090     
  0.406659376071686     
  0.416679777233248     
  0.421019761070723     
  0.419728514873979     
  0.419552727785971     
  0.421615092223597     
  0.424666896845662     
  0.427726309276931     
  0.429674383070934     
  0.431206253517618     
  0.435820681232008     
  0.442691719427979     
  0.449381579964117     
  0.455893775661072     
  0.460930992629593     
  0.464803973788608     
  0.469269392598090     
  0.473310014407796     
  0.475754173153117     
  0.478702019859206     
  0.482635612696962     
  0.489423297297777     
  0.502368831537554     
  0.515933398497140     
  0.527176347900559     
  0.538061358647670     
  0.548643659522348     
  0.559053584326178     
  0.573843094070935     
  0.594281933613896     
  0.616033742416600     
  0.638117788602753     
  0.658820006627183     
  0.679806905672087     
  0.700696757102405     
  0.725329790371697     
  0.756189709362595     
  0.782828990505081     
  0.803020197913293     
  0.824135684294190     
  0.849712979012974     
  0.877860326689299     
  0.902351562309042     
  0.918947953049099     
  0.933138746756150     
  0.952290375224986     
  0.972757874616333     
  0.988703064696971     
   1.00027952652956     
  0.999980458595184     
  0.999756864493307     
  0.999611306910955     
  0.999432209280826     
  0.999145519741614     
  0.998740959658408     
  0.998365280422941     
  0.998055337172368     
  0.997667852425780     
  0.997162487184577     
  0.996697848795759     
  0.996383476890257     
  0.996171338266382     
  0.996011500379175     
  0.995883968825251     
  0.995771336262981     
  0.995710764827228     
  0.995714972371426     
  0.995761149248921     
  0.995859594550867     
  0.995966327786543     
  0.996045410923026     
  0.996127255808450     
  0.996175181949205     
  0.996190073578797     
  0.996232483082593     
  0.996393837009345     
  0.996685841929409     
  0.996948851669626     
  0.997116407075209     
  0.997219352821880     
  0.997249480500871     
  0.997223251361681     
  0.997448120282224     
  0.998143026795329     
  0.999398752357652     
   1.00117717708681     
   1.00283970697717     
   1.00442290598388     
   1.00642256139165     
   1.00847907452830     
   1.01050989532870     
   1.01229418222917     
   1.01363833809912     
   1.01546851220465     
   1.01756963741738     
   1.01962292841471     
   1.02209288252807     
   1.02500155842488     
   1.02818087871669     
   1.03120508118495     
   1.03397400012966     
   1.03707904786645     
   1.04024594549692     
   1.04239799403595     
   1.04339414583717     
   1.04391358278132     
   1.04452131181906     
   1.04494407538753     
   1.04491541999799     
   1.04473412880027     
   1.04495260085601     
   1.04721317901740     
   1.05209197900169     
   1.05676772739701     
   1.05860638682588     
   1.05886187835275     
   1.06006608985469     
   1.06106615740499     
   1.06039007695709     
   1.05951007223946     
   1.05900788199215     
   1.05656371375224     
   1.05225187914077     
   1.04792001479268     
   1.04399716337457     
   1.04031868807328     
   1.03682647758174     
   1.03362077424188     
   1.03044614416508     
   1.02700790027133     
   1.02353742520681     
   1.02080261187815     
   1.01844803836569     
   1.01582655487261     
   1.01368799646482     
   1.01330207906206     
   1.01337114505860     
   1.01259253556138     
   1.01147317292714     
   1.01029352605293     
   1.01036828483802     
   1.01174551913967     
   1.01197416670913     
   1.01104139148951     
   1.01052194159955     
   1.00971663653013     
   1.00790286507969     
   1.00567420776563     
   1.00346395700462     
   1.00160877899617     
   1.00034449905223     
  0.999571152416520     
  0.998864655631821     
  0.998301324570779     
  0.998105543402946     
  0.998042269579001     
  0.997872548406949     
  0.997505882231162     
  0.997081664430579     
  0.996759901372548     
  0.996470487244132     
  0.996117258162779     
  0.995891911687328     
  0.995808158164075     
  0.995766841886757     
  0.995735292669404     
  0.995710567896926     
  0.995706905019545     
  0.995709039201032     
  0.995724597191138     
  0.995780407545164     
  0.995872216215189     
  0.995976131674003     
  0.996069364488286     
  0.996160655329531     
  0.996296562347554     
  0.996479464709390     
  0.996747236000082     
  0.997102163971113     
  0.997445929334874     
  0.997729428441872     
  0.997974794481192     
  0.998157977360180     
  0.998264481746150     
  0.998359176793587     
  0.998475021784296     
  0.998648101553258     
  0.998863895933591     
  0.999107530426745     
  0.999375709021579     
  0.999628349410569     
  0.999877060960002     
   1.00019767444944     
  0.983454065429883     
  0.958154977891347     
  0.933689972591336     
  0.909787989013256     
  0.889078869990665     
  0.866766839194198     
  0.841297764409335     
  0.809232224193028     
  0.770534322552237     
  0.735295878866137     
  0.707614233325384     
  0.685604551779723     
  0.665628732564169     
  0.641786758975678     
  0.616805472877836     
  0.592821038051234     
  0.573075803844374     
  0.557431787907215     
  0.538708843328735     
  0.523443641282691     
  0.513729157180719     
  0.503888431015445     
  0.489553568550072     
  0.472432675822526     
  0.457839773917407     
  0.445374856591756     
  0.432850950710457     
  0.418812929086093     
  0.404879189545702     
  0.390316947675007     
  0.376597098473558     
  0.360801078223887     
  0.338518157025918     
  0.314432205643872     
  0.295928161986691     
  0.279951329709845     
  0.262137639310577     
  0.246172584610238     
  0.231815281936638     
  0.216953173771137     
  0.203503826623814     
  0.192877618104988     
  0.184045014949261     
  0.177935656066098     
  0.171938323265813     
  0.162843267265298     
  0.149939974959382     
  0.131564966317767     
  0.109461445769775     
  9.072214418957626E-002
  7.859505837571484E-002
  6.821824221426701E-002
  5.777252614320037E-002
  4.782386327316018E-002
  3.768625422057020E-002
  2.952263064057551E-002
  2.779138880837049E-002
  2.955449307175377E-002
  2.828286562199723E-002
  2.497126118131719E-002
  2.164622562841828E-002
  2.057679730459843E-002
  2.246897220364561E-002
  2.578765564778786E-002
  2.797201291248687E-002
  2.749107042063963E-002
  2.524646063223026E-002
  2.324789653633592E-002
  2.300907523423471E-002
  2.324878833469265E-002
  2.057373614959287E-002
  1.600388708717959E-002
  1.457496448965296E-002
  1.714216731956472E-002
  2.030974301183171E-002
  2.172641380648679E-002
  2.119998874928492E-002
  1.850232284435094E-002
  1.600504502867594E-002
  1.418644150294897E-002
  1.474082057710858E-002
  1.936098802736717E-002
  2.370004272827680E-002
  2.518015073288212E-002
  2.402654096384497E-002
  2.094336086762978E-002
  1.717020362249464E-002
  1.438789385684528E-002
  1.250566051632176E-002
  1.207180200740414E-002
  1.379480772195120E-002
  1.832544269104740E-002
  2.420399377536482E-002
  2.821360174881180E-002
  3.140830489307726E-002
  3.355220771156018E-002
  3.388565553640327E-002
  3.349447849319618E-002
  3.305691953086303E-002
  3.201367492212591E-002
  3.212268401906723E-002
  3.370220322356689E-002
  3.334256038514131E-002
  2.855480639388375E-002
  2.270524171963077E-002
  1.745175653713179E-002
  1.421124871840994E-002
  1.540810296905109E-002
  1.960015828445538E-002
  2.615203562785723E-002
  3.747156384867695E-002
  4.868160724988241E-002
  5.462765728648980E-002
  5.788344084441380E-002
  6.285360785605884E-002
  6.891552998166423E-002
  7.377624346213009E-002
  7.677724398344556E-002
  7.619197265457892E-002
  7.537316746719430E-002
  7.828323118183965E-002
  8.350201156558373E-002
  8.919126228037340E-002
  9.327749694928036E-002
  9.639411220970634E-002
  0.100402404225568     
  0.103800419289615     
  0.103071645408045     
  0.102308252824216     
  0.105307735472925     
  0.107090475252246     
  0.111924117643738     
  0.118798374482190     
  0.122274195295504     
  0.124532714742926     
  0.127092158543966     
  0.128616732085493     
  0.130214866194420     
  0.137207371252632     
  0.145480787803901     
  0.149747618093891     
  0.150899662056136     
  0.149567249433078     
  0.147106377098756     
  0.143180477801382     
  0.141034061050462     
  0.141747988615841     
  0.144513131838966     
  0.149667916861921     
  0.152908110736687     
  0.154247580656971     
  0.157433536559078     
  0.161004874738130     
  0.164481974429295     
  0.170534666989138     
  0.177254637994809     
  0.181882787413822     
  0.190465540928957     
  0.200824133832389     
  0.205654605817647     
  0.208779611487874     
  0.211602648164748     
  0.211579998397045     
  0.214422164939080     
  0.224237336240382     
  0.236772979356071     
  0.248731549564871     
  0.260345372629138     
  0.271455017700625     
  0.279207964545888     
  0.284254804395089     
  0.291370646007762     
  0.306780414138245     
  0.323109409089831     
  0.330837537060426     
  0.334833081037714     
  0.338411574884180     
  0.341115882529698     
  0.342903559565773     
  0.345778520393631     
  0.352905381487625     
  0.361936767951169     
  0.373208792765560     
  0.384852992077636     
  0.393433632569987     
  0.407439270825629     
  0.426050472549171     
  0.446095386107093     
  0.465680257644952     
  0.477939731426175     
  0.490447051736545     
  0.508068871838884     
  0.524013154869276     
  0.543324900324767     
  0.563704212970919     
  0.578746926498523     
  0.588640185016853     
  0.593133995018544     
  0.602304201155742     
  0.619518154557717     
  0.639660986907577     
  0.659460815310262     
  0.679517237714933     
  0.702289806652734     
  0.728392161473693     
  0.755921212303345     
  0.780927547113158     
  0.800754827464923     
  0.820422383672410     
  0.845018356932607     
  0.875149782854859     
  0.905772254752905     
  0.930511776431481     
  0.949704794166978     
  0.966058538732588     
  0.982852507222298     
  0.999085509572865     
   1.00007338920313     
  0.999844533739513     
  0.999630551985127     
  0.999386047213193     
  0.999137090896420     
  0.998895530062424     
  0.998611910939380     
  0.998316184665186     
  0.998076955568416     
  0.997949018030447     
  0.997901490859825     
  0.997856095918384     
  0.997719237419572     
  0.997406787228473     
  0.997060081650737     
  0.996781599208578     
  0.996538531026669     
  0.996312084564317     
  0.996085993399297     
  0.995908290239791     
  0.995797445835637     
  0.995736327392588     
  0.995709924547902     
  0.995711528093933     
  0.995754235892437     
  0.995845802131609     
  0.996001369814314     
  0.996332002077121     
  0.996809019345344     
  0.997330267920923     
  0.998111960137427     
  0.999109152251982     
   1.00063514708126     
   1.00288933522176     
   1.00563486586451     
   1.00841976669088     
   1.01043370435865     
   1.01218532644619     
   1.01390601081376     
   1.01653261594792     
   1.02022563291521     
   1.02466608444946     
   1.03039008114416     
   1.03643012044068     
   1.04214666935548     
   1.04738643938696     
   1.05078214059163     
   1.05203270678091     
   1.05460441079594     
   1.06196539799159     
   1.07347928638394     
   1.08674272453764     
   1.10191819605121     
   1.11689524583558     
   1.12796353234893     
   1.13237177668463     
   1.13463431123355     
   1.13774429430077     
   1.13494371857084     
   1.12784469752935     
   1.12467980635449     
   1.13206084650388     
   1.14357520787821     
   1.15614041751468     
   1.17004489837726     
   1.17885001597260     
   1.18318816612858     
   1.19429641100151     
   1.21652122848558     
   1.23906778328482     
   1.25468108909976     
   1.25999918515779     
   1.27232921130714     
   1.29355768874256     
   1.30176785884492     
   1.30719075487970     
   1.32328582080929     
   1.33940337729755     
   1.34433891681822     
   1.34089859508881     
   1.33550697761251     
   1.32834759095493     
   1.32059898699095     
   1.31675364951967     
   1.31457918504967     
   1.30406606263969     
   1.28638198768470     
   1.26743787304035     
   1.25814319593997     
   1.25933746904121     
   1.25546003622282     
   1.24585367572684     
   1.23966507404154     
   1.24249123708157     
   1.25364232849635     
   1.26796897064193     
   1.28180578194847     
   1.29322278526311     
   1.29710409209941     
   1.29186525777407     
   1.28248152970222     
   1.27213638171461     
   1.26000884499017     
   1.24639576563920     
   1.23202537906625     
   1.21976352545341     
   1.21094943327195     
   1.20240131433957     
   1.19150229100024     
   1.17544848459159     
   1.15649095719198     
   1.13869714334251     
   1.12258111260636     
   1.10637830816947     
   1.09201954071897     
   1.08615863196149     
   1.08403416386147     
   1.07952610696020     
   1.07696230705599     
   1.07667922042466     
   1.07539740230170     
   1.07148813667866     
   1.06591664809327     
   1.05985700114694     
   1.05457721740358     
   1.04893786626325     
   1.04139948598194     
   1.03527930211221     
   1.03173500892277     
   1.02888797071979     
   1.02532112591530     
   1.02119981687028     
   1.01746312648373     
   1.01502915279053     
   1.01353192406268     
   1.01160133790912     
   1.00892404873281     
   1.00675306276286     
   1.00516769597603     
   1.00348840049196     
   1.00168411953380     
   1.00022938158729     
  0.999126292487969     
  0.998038250076883     
  0.997335323379693     
  0.996953894195024     
  0.996632528302453     
  0.996389270962544     
  0.996177821198137     
  0.995965788136025     
  0.995799394407073     
  0.995714978040404     
  0.995722117084273     
  0.995836983453554     
  0.996045922341265     
  0.996214130797395     
  0.996328090920517     
  0.996445440795438     
  0.996566819692529     
  0.996756721669113     
  0.997051982518464     
  0.997397315292070     
  0.997852975728548     
  0.998340526086958     
  0.998702853434836     
  0.999055939747741     
  0.999577670827891     
   1.00015280658721     
  0.984641768861958     
  0.961375711004020     
  0.939035523142621     
  0.922480492747965     
  0.911761912112693     
  0.899398971689813     
  0.883533332932592     
  0.862092828665430     
  0.836685514951172     
  0.811067060938897     
  0.787145384091813     
  0.766694617920316     
  0.748684919989722     
  0.731636135753882     
  0.715675877325957     
  0.698930266253198     
  0.683054400285030     
  0.670124553041994     
  0.657912171056337     
  0.640043456152397     
  0.615542283857996     
  0.589463407071772     
  0.569349484768471     
  0.554706784636962     
  0.535684539892801     
  0.510703534269291     
  0.481969005314577     
  0.452119642597502     
  0.424044169630118     
  0.398889698752725     
  0.378268679906711     
  0.357782719256972     
  0.337682237192563     
  0.320860604198708     
  0.298167812965969     
  0.272816597203591     
  0.252719314736509     
  0.240012307666625     
  0.230879202747537     
  0.216720689802303     
  0.196371235112748     
  0.171010536120883     
  0.148105279547098     
  0.132907042104761     
  0.116673468513270     
  9.875159500683091E-002
  8.071564043711833E-002
  6.953204116428555E-002
  6.874493114918596E-002
  6.639968136168163E-002
  6.302230134122172E-002
  6.041143888758062E-002
  5.275313279643586E-002
  4.183459084278007E-002
  3.190676570343846E-002
  2.534097772616973E-002
  2.213971414067941E-002
  1.964180900810821E-002
  2.103895019179694E-002
  2.147841175674966E-002
  1.786837901892396E-002
  1.656436343483013E-002
  1.951243896245148E-002
  2.208309160366672E-002
  2.266942018618272E-002
  2.612898708412670E-002
  2.951840578935958E-002
  2.846375317348951E-002
  2.940900899596036E-002
  3.253175572249424E-002
  3.295039977137229E-002
  3.124746920044751E-002
  2.830126111511043E-002
  2.596534845284173E-002
  2.430476329178864E-002
  2.469645197726376E-002
  2.838152365823476E-002
  3.187573318708944E-002
  3.101659918788508E-002
  2.836392890684777E-002
  2.994338340454692E-002
  3.196830027991653E-002
  3.260661719949388E-002
  3.404335178072512E-002
  3.412998285056553E-002
  3.401255394463185E-002
  3.501330369015673E-002
  3.486845031992008E-002
  3.221726896508490E-002
  3.135682169392202E-002
  3.512778705655669E-002
  4.410101232366679E-002
  5.425504049543772E-002
  5.878675922919391E-002
  5.766944945392417E-002
  5.397278222066885E-002
  5.079824533138810E-002
  4.660020685624289E-002
  4.178584303378312E-002
  4.376684038989714E-002
  5.317357294197030E-002
  6.627428851329127E-002
  7.774145417869996E-002
  8.357864538629561E-002
  8.568700002461205E-002
  8.593439643535522E-002
  8.455607600509039E-002
  8.328185738554519E-002
  8.691459995085966E-002
  9.327476245364531E-002
  9.733751822143608E-002
  9.941695258253801E-002
  9.924398528126811E-002
  9.761295744516527E-002
  9.743655130227351E-002
  9.885383445460895E-002
  0.106046774549778     
  0.118877126078620     
  0.127852375764231     
  0.131570258732867     
  0.131841036613174     
  0.130025554485442     
  0.128238123387993     
  0.124716611341392     
  0.117339268003442     
  0.109315999240380     
  0.106422233649946     
  0.105187182651911     
  0.103227831591034     
  0.103244743147649     
  0.107268458931883     
  0.117249661150364     
  0.128429549895812     
  0.139500434743005     
  0.152626482182434     
  0.165801578598135     
  0.178466539266247     
  0.191183307479443     
  0.201520262599609     
  0.209288553765052     
  0.217254319812806     
  0.226974077210300     
  0.237897605811343     
  0.249576567223068     
  0.260836092499433     
  0.270137076747068     
  0.277995199773985     
  0.284480440152286     
  0.289681571808984     
  0.294221447425411     
  0.300107191808532     
  0.306508878896342     
  0.311850866505950     
  0.315356289447326     
  0.317967636722909     
  0.324198416495821     
  0.334807096645271     
  0.348761178351264     
  0.364036209483292     
  0.375090175424052     
  0.380123888533406     
  0.384127278042956     
  0.390230316585206     
  0.399939680982719     
  0.415515873402455     
  0.433866519746925     
  0.448063975016653     
  0.464385185867184     
  0.485345866791796     
  0.501243412209729     
  0.511715608448723     
  0.517942291907038     
  0.520874650360760     
  0.524032137042125     
  0.532201680220787     
  0.545791821790492     
  0.559700187020778     
  0.572469991072043     
  0.586498601794119     
  0.604856781009248     
  0.620713309639778     
  0.632343089461695     
  0.650157134618754     
  0.673348442322025     
  0.694123397381473     
  0.712310608343046     
  0.734266657083297     
  0.758856718250630     
  0.776955748313681     
  0.785193767743846     
  0.791645050545528     
  0.798984478251111     
  0.805292038539330     
  0.819700267345480     
  0.841807398820341     
  0.859116580926294     
  0.870184649290913     
  0.882082485925197     
  0.893319744264289     
  0.904653648139533     
  0.921492239909861     
  0.938363278986221     
  0.949803016834739     
  0.956469672451159     
  0.963726158146818     
  0.983087904485529     
   1.00023413809312     
  0.999981362152284     
  0.999804212446276     
